
> vibe-generated-app@1.0.0 dev
> vite


  VITE v5.4.20  ready in 274 ms

  ➜  Local:   http://localhost:3000/
  ➜  Network: http://172.20.0.64:3000/
1:53:23 AM [vite] Pre-transform error: Transform failed with 1 error:
/home/workspace/src/components/Studio.jsx:22:12: ERROR: Expected ")" but found ":"
1:53:27 AM [vite] Internal server error: Transform failed with 1 error:
/home/workspace/src/components/Studio.jsx:22:12: ERROR: Expected ")" but found ":"
  Plugin: vite:esbuild
  File: /home/workspace/src/components/Studio.jsx:22:12
  
  Expected ")" but found ":"
  20 |    const blockVariants = {
  21 |      hidden: { opacity: 0, y: 20 },
  22 |      show: (i: number) => ({ opacity: 1, y: 0, transition: { delay: 0.1 * i, duration: 0.4 } }),
     |              ^
  23 |    }
  24 |  
  
      at failureErrorWithLog (/home/workspace/node_modules/esbuild/lib/main.js:1472:15)
      at /home/workspace/node_modules/esbuild/lib/main.js:755:50
      at responseCallbacks.<computed> (/home/workspace/node_modules/esbuild/lib/main.js:622:9)
      at handleIncomingPacket (/home/workspace/node_modules/esbuild/lib/main.js:677:12)
      at Socket.readFromStdout (/home/workspace/node_modules/esbuild/lib/main.js:600:7)
      at Socket.emit (node:events:508:28)
      at addChunk (node:internal/streams/readable:559:12)
      at readableAddChunkPushByteMode (node:internal/streams/readable:510:3)
      at Readable.push (node:internal/streams/readable:390:5)
      at Pipe.onStreamRead (node:internal/stream_base_commons:189:23)
